Build started 6.9.2016 13.05.34.
     1>Project "C:\Users\Jussi\Desktop\MathGameSFML\sfml-demo\sfml-demo\sfml-demo.vcxproj" on node 2 (Build target(s)).
     1>ClCompile:
         C:\Program Files (x86)\Microsoft Visual Studio 12.0\VC\bin\CL.exe /c /I"C:\Users\Jussi\Desktop\MathGameSFML\sfml-demo\sfml-demo\include\\" /I"C:\Users\Jussi\Desktop\MathGameSFML\sfml-demo\..\SFML-2.3.2\include" /ZI /nologo /W4 /WX- /Od /Oy- /D SFML_STATIC /D WIN32 /D _DEBUG /D _WINDOWS /D _UNICODE /D UNICODE /Gm /EHsc /RTC1 /MDd /GS /fp:precise /Zc:wchar_t /Zc:forScope /Fo"C:\Users\Jussi\Desktop\MathGameSFML\sfml-demo\sfml-demo\obj\Debug\\" /Fd"C:\Users\Jussi\Desktop\MathGameSFML\sfml-demo\sfml-demo\obj\Debug\vc120.pdb" /Gd /TP /analyze- /errorReport:prompt MainGameState.cpp
         MainGameState.cpp
     1>c:\users\jussi\desktop\mathgamesfml\sfml-demo\sfml-demo\maingamestate.cpp(16): warning C4244: 'argument' : conversion from 'unsigned int' to 'float', possible loss of data
     1>c:\users\jussi\desktop\mathgamesfml\sfml-demo\sfml-demo\maingamestate.cpp(17): warning C4244: 'argument' : conversion from 'unsigned int' to 'float', possible loss of data
     1>c:\users\jussi\desktop\mathgamesfml\sfml-demo\sfml-demo\maingamestate.cpp(18): warning C4244: 'argument' : conversion from 'unsigned int' to 'float', possible loss of data
     1>c:\users\jussi\desktop\mathgamesfml\sfml-demo\sfml-demo\maingamestate.cpp(19): warning C4244: 'argument' : conversion from 'unsigned int' to 'float', possible loss of data
     1>c:\users\jussi\desktop\mathgamesfml\sfml-demo\sfml-demo\maingamestate.cpp(20): warning C4244: 'argument' : conversion from 'unsigned int' to 'float', possible loss of data
     1>c:\users\jussi\desktop\mathgamesfml\sfml-demo\sfml-demo\maingamestate.cpp(21): warning C4244: 'argument' : conversion from 'unsigned int' to 'float', possible loss of data
     1>c:\users\jussi\desktop\mathgamesfml\sfml-demo\sfml-demo\maingamestate.cpp(643): warning C4100: 'dt' : unreferenced formal parameter
     1>c:\users\jussi\desktop\mathgamesfml\sfml-demo\sfml-demo\maingamestate.cpp(1072): warning C4244: 'argument' : conversion from 'unsigned int' to 'float', possible loss of data
     1>c:\users\jussi\desktop\mathgamesfml\sfml-demo\sfml-demo\maingamestate.cpp(1073): warning C4244: 'argument' : conversion from 'unsigned int' to 'float', possible loss of data
     1>c:\users\jussi\desktop\mathgamesfml\sfml-demo\sfml-demo\maingamestate.cpp(1074): warning C4244: 'argument' : conversion from 'unsigned int' to 'float', possible loss of data
     1>c:\users\jussi\desktop\mathgamesfml\sfml-demo\sfml-demo\maingamestate.cpp(1075): warning C4244: 'argument' : conversion from 'unsigned int' to 'float', possible loss of data
     1>c:\users\jussi\desktop\mathgamesfml\sfml-demo\sfml-demo\maingamestate.cpp(1076): warning C4244: 'argument' : conversion from 'unsigned int' to 'float', possible loss of data
     1>c:\users\jussi\desktop\mathgamesfml\sfml-demo\sfml-demo\maingamestate.cpp(1103): warning C4244: 'argument' : conversion from 'unsigned int' to 'float', possible loss of data
     1>c:\users\jussi\desktop\mathgamesfml\sfml-demo\sfml-demo\maingamestate.cpp(1104): warning C4244: 'argument' : conversion from 'unsigned int' to 'float', possible loss of data
     1>c:\users\jussi\desktop\mathgamesfml\sfml-demo\sfml-demo\maingamestate.cpp(1105): warning C4244: 'argument' : conversion from 'unsigned int' to 'float', possible loss of data
     1>c:\users\jussi\desktop\mathgamesfml\sfml-demo\sfml-demo\maingamestate.cpp(1106): warning C4244: 'argument' : conversion from 'unsigned int' to 'float', possible loss of data
     1>c:\users\jussi\desktop\mathgamesfml\sfml-demo\sfml-demo\maingamestate.cpp(1107): warning C4244: 'argument' : conversion from 'unsigned int' to 'float', possible loss of data
     1>c:\users\jussi\desktop\mathgamesfml\sfml-demo\sfml-demo\maingamestate.cpp(1108): warning C4244: 'argument' : conversion from 'unsigned int' to 'float', possible loss of data
     1>c:\users\jussi\desktop\mathgamesfml\sfml-demo\sfml-demo\maingamestate.cpp(1113): warning C4244: 'argument' : conversion from 'unsigned int' to 'float', possible loss of data
     1>c:\users\jussi\desktop\mathgamesfml\sfml-demo\sfml-demo\maingamestate.cpp(1115): warning C4244: 'argument' : conversion from 'unsigned int' to 'float', possible loss of data
     1>c:\users\jussi\desktop\mathgamesfml\sfml-demo\sfml-demo\maingamestate.cpp(1128): warning C4244: 'argument' : conversion from 'unsigned int' to 'float', possible loss of data
     1>c:\users\jussi\desktop\mathgamesfml\sfml-demo\sfml-demo\maingamestate.cpp(1130): warning C4244: 'argument' : conversion from 'unsigned int' to 'float', possible loss of data
     1>c:\users\jussi\desktop\mathgamesfml\sfml-demo\sfml-demo\maingamestate.cpp(1204): warning C4244: 'argument' : conversion from 'unsigned int' to 'float', possible loss of data
     1>c:\users\jussi\desktop\mathgamesfml\sfml-demo\sfml-demo\maingamestate.cpp(1211): warning C4244: 'argument' : conversion from 'unsigned int' to 'float', possible loss of data
     1>c:\users\jussi\desktop\mathgamesfml\sfml-demo\sfml-demo\maingamestate.cpp(1212): warning C4244: 'argument' : conversion from 'unsigned int' to 'float', possible loss of data
     1>c:\users\jussi\desktop\mathgamesfml\sfml-demo\sfml-demo\maingamestate.cpp(1216): warning C4244: 'argument' : conversion from 'unsigned int' to 'float', possible loss of data
     1>c:\users\jussi\desktop\mathgamesfml\sfml-demo\sfml-demo\maingamestate.cpp(1217): warning C4244: 'argument' : conversion from 'unsigned int' to 'float', possible loss of data
     1>c:\users\jussi\desktop\mathgamesfml\sfml-demo\sfml-demo\maingamestate.cpp(1222): warning C4244: 'argument' : conversion from 'unsigned int' to 'float', possible loss of data
     1>c:\users\jussi\desktop\mathgamesfml\sfml-demo\sfml-demo\maingamestate.cpp(1232): warning C4244: 'argument' : conversion from 'unsigned int' to 'float', possible loss of data
     1>c:\users\jussi\desktop\mathgamesfml\sfml-demo\sfml-demo\maingamestate.cpp(1240): warning C4244: 'argument' : conversion from 'unsigned int' to 'float', possible loss of data
     1>c:\users\jussi\desktop\mathgamesfml\sfml-demo\sfml-demo\maingamestate.cpp(1241): warning C4244: 'argument' : conversion from 'unsigned int' to 'float', possible loss of data
     1>c:\users\jussi\desktop\mathgamesfml\sfml-demo\sfml-demo\maingamestate.cpp(1242): warning C4244: 'argument' : conversion from 'unsigned int' to 'float', possible loss of data
     1>c:\users\jussi\desktop\mathgamesfml\sfml-demo\sfml-demo\maingamestate.cpp(1243): warning C4244: 'argument' : conversion from 'unsigned int' to 'float', possible loss of data
     1>c:\users\jussi\desktop\mathgamesfml\sfml-demo\sfml-demo\maingamestate.cpp(1279): warning C4244: 'argument' : conversion from 'unsigned int' to 'float', possible loss of data
     1>c:\users\jussi\desktop\mathgamesfml\sfml-demo\sfml-demo\maingamestate.cpp(1280): warning C4244: 'argument' : conversion from 'unsigned int' to 'float', possible loss of data
     1>c:\users\jussi\desktop\mathgamesfml\sfml-demo\sfml-demo\maingamestate.cpp(1281): warning C4244: 'argument' : conversion from 'unsigned int' to 'float', possible loss of data
     1>c:\users\jussi\desktop\mathgamesfml\sfml-demo\sfml-demo\maingamestate.cpp(983): warning C4100: 'dt' : unreferenced formal parameter
     1>c:\users\jussi\desktop\mathgamesfml\sfml-demo\sfml-demo\maingamestate.cpp(1373): warning C4389: '==' : signed/unsigned mismatch
     1>c:\users\jussi\desktop\mathgamesfml\sfml-demo\sfml-demo\maingamestate.cpp(1390): warning C4389: '==' : signed/unsigned mismatch
     1>c:\users\jussi\desktop\mathgamesfml\sfml-demo\sfml-demo\maingamestate.cpp(1466): warning C4018: '>=' : signed/unsigned mismatch
     1>c:\users\jussi\desktop\mathgamesfml\sfml-demo\sfml-demo\maingamestate.cpp(1546): warning C4018: '>=' : signed/unsigned mismatch
     1>c:\users\jussi\desktop\mathgamesfml\sfml-demo\sfml-demo\maingamestate.cpp(1635): warning C4018: '>=' : signed/unsigned mismatch
     1>c:\users\jussi\desktop\mathgamesfml\sfml-demo\sfml-demo\maingamestate.cpp(1714): warning C4018: '>=' : signed/unsigned mismatch
     1>c:\users\jussi\desktop\mathgamesfml\sfml-demo\sfml-demo\maingamestate.cpp(1928): warning C4389: '==' : signed/unsigned mismatch
     1>c:\users\jussi\desktop\mathgamesfml\sfml-demo\sfml-demo\maingamestate.cpp(2267): warning C4701: potentially uninitialized local variable 'rMin' used
     1>c:\users\jussi\desktop\mathgamesfml\sfml-demo\sfml-demo\maingamestate.cpp(2267): warning C4701: potentially uninitialized local variable 'rMax' used
     1>c:\users\jussi\desktop\mathgamesfml\sfml-demo\sfml-demo\maingamestate.cpp(2299): warning C4715: 'MainGameState::getCorrectAnswer' : not all control paths return a value
     1>c:\users\jussi\desktop\mathgamesfml\sfml-demo\sfml-demo\maingamestate.cpp(2347): warning C4715: 'MainGameState::getCalculationString' : not all control paths return a value
       Link:
         C:\Program Files (x86)\Microsoft Visual Studio 12.0\VC\bin\link.exe /ERRORREPORT:PROMPT /OUT:"C:\Users\Jussi\Desktop\MathGameSFML\sfml-demo\Debug\sfml-demo.exe" /INCREMENTAL /NOLOGO /LIBPATH:"C:\Users\Jussi\Desktop\MathGameSFML\sfml-demo\..\SFML-2.3.2\lib\\" "sfml-graphics-s-d.lib" "sfml-window-s-d.lib" "sfml-system-s-d.lib" "sfml-audio-s-d.lib" opengl32.lib freetype.lib jpeg.lib winmm.lib gdi32.lib openal32.lib flac.lib vorbis.lib vorbisenc.lib vorbisfile.lib ogg.lib kernel32.lib user32.lib gdi32.lib winspool.lib comdlg32.lib advapi32.lib shell32.lib ole32.lib oleaut32.lib uuid.lib odbc32.lib odbccp32.lib /MANIFEST /MANIFESTUAC:"level='asInvoker' uiAccess='false'" /manifest:embed /DEBUG /PDB:"C:\Users\Jussi\Desktop\MathGameSFML\sfml-demo\Debug\sfml-demo.pdb" /SUBSYSTEM:CONSOLE /TLBID:1 /ENTRY:"mainCRTStartup" /DYNAMICBASE /NXCOMPAT /IMPLIB:"C:\Users\Jussi\Desktop\MathGameSFML\sfml-demo\Debug\sfml-demo.lib" /MACHINE:X86 "C:\Users\Jussi\Desktop\MathGameSFML\sfml-demo\sfml-demo\obj\Debug\Calculation.obj"
         "C:\Users\Jussi\Desktop\MathGameSFML\sfml-demo\sfml-demo\obj\Debug\CalculationState.obj"
         "C:\Users\Jussi\Desktop\MathGameSFML\sfml-demo\sfml-demo\obj\Debug\Character.obj"
         "C:\Users\Jussi\Desktop\MathGameSFML\sfml-demo\sfml-demo\obj\Debug\ControlsState.obj"
         "C:\Users\Jussi\Desktop\MathGameSFML\sfml-demo\sfml-demo\obj\Debug\Equipment.obj"
         "C:\Users\Jussi\Desktop\MathGameSFML\sfml-demo\sfml-demo\obj\Debug\Game.obj"
         "C:\Users\Jussi\Desktop\MathGameSFML\sfml-demo\sfml-demo\obj\Debug\GameState.obj"
         "C:\Users\Jussi\Desktop\MathGameSFML\sfml-demo\sfml-demo\obj\Debug\IntroState.obj"
         "C:\Users\Jussi\Desktop\MathGameSFML\sfml-demo\sfml-demo\obj\Debug\Item.obj"
         "C:\Users\Jussi\Desktop\MathGameSFML\sfml-demo\sfml-demo\obj\Debug\Main.obj"
         "C:\Users\Jussi\Desktop\MathGameSFML\sfml-demo\sfml-demo\obj\Debug\MainGameState.obj"
         "C:\Users\Jussi\Desktop\MathGameSFML\sfml-demo\sfml-demo\obj\Debug\MenuState.obj"
         "C:\Users\Jussi\Desktop\MathGameSFML\sfml-demo\sfml-demo\obj\Debug\SpecialMove.obj"
         sfml-demo.vcxproj -> C:\Users\Jussi\Desktop\MathGameSFML\sfml-demo\Debug\sfml-demo.exe
     1>Done Building Project "C:\Users\Jussi\Desktop\MathGameSFML\sfml-demo\sfml-demo\sfml-demo.vcxproj" (Build target(s)).

Build succeeded.

Time Elapsed 00:00:00.83
