c:\users\jussi\desktop\mathgamesfml\sfml-demo\sfml-demo\obj\debug\vc120.pdb
c:\users\jussi\desktop\mathgamesfml\sfml-demo\sfml-demo\obj\debug\vc120.idb
c:\users\jussi\desktop\mathgamesfml\sfml-demo\sfml-demo\obj\debug\calculation.obj
c:\users\jussi\desktop\mathgamesfml\sfml-demo\sfml-demo\obj\debug\calculationstate.obj
c:\users\jussi\desktop\mathgamesfml\sfml-demo\sfml-demo\obj\debug\character.obj
c:\users\jussi\desktop\mathgamesfml\sfml-demo\sfml-demo\obj\debug\equipment.obj
c:\users\jussi\desktop\mathgamesfml\sfml-demo\sfml-demo\obj\debug\game.obj
c:\users\jussi\desktop\mathgamesfml\sfml-demo\sfml-demo\obj\debug\gamestate.obj
c:\users\jussi\desktop\mathgamesfml\sfml-demo\sfml-demo\obj\debug\introstate.obj
c:\users\jussi\desktop\mathgamesfml\sfml-demo\sfml-demo\obj\debug\item.obj
c:\users\jussi\desktop\mathgamesfml\sfml-demo\sfml-demo\obj\debug\main.obj
c:\users\jussi\desktop\mathgamesfml\sfml-demo\sfml-demo\obj\debug\maingamestate.obj
c:\users\jussi\desktop\mathgamesfml\sfml-demo\sfml-demo\obj\debug\menustate.obj
c:\users\jussi\desktop\mathgamesfml\sfml-demo\sfml-demo\obj\debug\specialmove.obj
c:\users\jussi\desktop\mathgamesfml\sfml-demo\debug\sfml-demo.ilk
c:\users\jussi\desktop\mathgamesfml\sfml-demo\debug\sfml-demo.exe
c:\users\jussi\desktop\mathgamesfml\sfml-demo\debug\sfml-demo.pdb
c:\users\jussi\desktop\mathgamesfml\sfml-demo\sfml-demo\obj\debug\sfml-demo.tlog\cl.command.1.tlog
c:\users\jussi\desktop\mathgamesfml\sfml-demo\sfml-demo\obj\debug\sfml-demo.tlog\cl.read.1.tlog
c:\users\jussi\desktop\mathgamesfml\sfml-demo\sfml-demo\obj\debug\sfml-demo.tlog\cl.write.1.tlog
c:\users\jussi\desktop\mathgamesfml\sfml-demo\sfml-demo\obj\debug\sfml-demo.tlog\link.command.1.tlog
c:\users\jussi\desktop\mathgamesfml\sfml-demo\sfml-demo\obj\debug\sfml-demo.tlog\link.read.1.tlog
c:\users\jussi\desktop\mathgamesfml\sfml-demo\sfml-demo\obj\debug\sfml-demo.tlog\link.write.1.tlog
