Build started 10.9.2016 20.57.41.
     1>Project "C:\Users\juiss\Desktop\MathGameSFML\sfml-demo\sfml-demo\sfml-demo.vcxproj" on node 2 (Build target(s)).
     1>Link:
         C:\Program Files (x86)\Microsoft Visual Studio 12.0\VC\bin\link.exe /ERRORREPORT:PROMPT /OUT:"C:\Users\juiss\Desktop\MathGameSFML\sfml-demo\Release\sfml-demo.exe" /INCREMENTAL:NO /NOLOGO /LIBPATH:"C:\Users\juiss\Desktop\MathGameSFML\sfml-demo\..\SFML-2.3.2\lib\\" "sfml-graphics-s.lib" "sfml-window-s.lib" "sfml-system-s.lib" opengl32.lib freetype.lib jpeg.lib winmm.lib gdi32.lib "sfml-audio-s.lib" openal32.lib flac.lib vorbis.lib vorbisenc.lib vorbisfile.lib ogg.lib kernel32.lib user32.lib gdi32.lib winspool.lib comdlg32.lib advapi32.lib shell32.lib ole32.lib oleaut32.lib uuid.lib odbc32.lib odbccp32.lib /MANIFEST /MANIFESTUAC:"level='asInvoker' uiAccess='false'" /manifest:embed /DEBUG /PDB:"C:\Users\juiss\Desktop\MathGameSFML\sfml-demo\Release\sfml-demo.pdb" /SUBSYSTEM:CONSOLE /OPT:REF /OPT:ICF /LTCG /TLBID:1 /ENTRY:"mainCRTStartup" /DYNAMICBASE /NXCOMPAT /IMPLIB:"C:\Users\juiss\Desktop\MathGameSFML\sfml-demo\Release\sfml-demo.lib" /MACHINE:X86 /SAFESEH "C:\Users\juiss\Desktop\MathGameSFML\sfml-demo\sfml-demo\obj\Release\Character.obj"
         "C:\Users\juiss\Desktop\MathGameSFML\sfml-demo\sfml-demo\obj\Release\ControlsState.obj"
         "C:\Users\juiss\Desktop\MathGameSFML\sfml-demo\sfml-demo\obj\Release\Equipment.obj"
         "C:\Users\juiss\Desktop\MathGameSFML\sfml-demo\sfml-demo\obj\Release\Game.obj"
         "C:\Users\juiss\Desktop\MathGameSFML\sfml-demo\sfml-demo\obj\Release\IntroState.obj"
         "C:\Users\juiss\Desktop\MathGameSFML\sfml-demo\sfml-demo\obj\Release\Item.obj"
         "C:\Users\juiss\Desktop\MathGameSFML\sfml-demo\sfml-demo\obj\Release\Main.obj"
         "C:\Users\juiss\Desktop\MathGameSFML\sfml-demo\sfml-demo\obj\Release\MainGameState.obj"
         "C:\Users\juiss\Desktop\MathGameSFML\sfml-demo\sfml-demo\obj\Release\MenuState.obj"
         "C:\Users\juiss\Desktop\MathGameSFML\sfml-demo\sfml-demo\obj\Release\SpecialMove.obj"
         Generating code
     1>c:\users\juiss\desktop\mathgamesfml\sfml-demo\sfml-demo\maingamestate.cpp(2294): warning C4715: 'MainGameState::getCorrectAnswer' : not all control paths return a value
     1>c:\users\juiss\desktop\mathgamesfml\sfml-demo\sfml-demo\maingamestate.cpp(2262): warning C4701: potentially uninitialized local variable 'rMin' used
     1>c:\users\juiss\desktop\mathgamesfml\sfml-demo\sfml-demo\maingamestate.cpp(2262): warning C4701: potentially uninitialized local variable 'rMax' used
     1>c:\users\juiss\desktop\mathgamesfml\sfml-demo\sfml-demo\maingamestate.cpp(2342): warning C4715: 'MainGameState::getCalculationString' : not all control paths return a value
         Finished generating code
         sfml-demo.vcxproj -> C:\Users\juiss\Desktop\MathGameSFML\sfml-demo\Release\sfml-demo.exe
     1>Done Building Project "C:\Users\juiss\Desktop\MathGameSFML\sfml-demo\sfml-demo\sfml-demo.vcxproj" (Build target(s)).

Build succeeded.

Time Elapsed 00:00:02.24
